<?xml version="1.0" encoding="UTF-8"?>
<testng-results ignored="0" total="3" passed="3" failed="0" skipped="0">
  <reporter-output>
  </reporter-output>
  <suite started-at="2022-10-07T11:11:56 IST" name="Default suite" finished-at="2022-10-07T11:12:17 IST" duration-ms="21126">
    <groups>
    </groups>
    <test started-at="2022-10-07T11:11:56 IST" name="Default test" finished-at="2022-10-07T11:12:17 IST" duration-ms="21126">
      <class name="TestNg.test">
        <test-method signature="register()[pri:1, instance:TestNg.test@3a6bb9bf]" started-at="2022-10-07T11:11:56 IST" name="register" finished-at="2022-10-07T11:12:03 IST" duration-ms="6281" status="PASS">
          <reporter-output>
          </reporter-output>
        </test-method> <!-- register -->
        <test-method signature="login()[pri:2, instance:TestNg.test@3a6bb9bf]" started-at="2022-10-07T11:12:03 IST" name="login" finished-at="2022-10-07T11:12:08 IST" duration-ms="5280" status="PASS">
          <reporter-output>
          </reporter-output>
        </test-method> <!-- login -->
        <test-method signature="search()[pri:3, instance:TestNg.test@3a6bb9bf]" started-at="2022-10-07T11:12:08 IST" name="search" finished-at="2022-10-07T11:12:17 IST" duration-ms="9531" status="PASS">
          <reporter-output>
          </reporter-output>
        </test-method> <!-- search -->
      </class> <!-- TestNg.test -->
    </test> <!-- Default test -->
  </suite> <!-- Default suite -->
</testng-results>
